<?xml version="1.0" encoding="UTF-8"?>
<!-- Generated by org.testng.reporters.JUnitReportReporter -->
<testsuite skipped="0" hostname="SAVENKAT-LT" name="Qaclickacademy.HomePageTest" tests="2" failures="0" timestamp="17 May 2020 13:44:27 GMT" time="32.588" errors="0">
  <testcase name="ValidateHomePage" time="18.996" classname="Qaclickacademy.HomePageTest"/>
  <testcase name="ValidateHomePage" time="13.592" classname="Qaclickacademy.HomePageTest"/>
</testsuite> <!-- Qaclickacademy.HomePageTest -->
